<?xml version="1.0" encoding="UTF-8"?>
<!-- Generated by org.testng.reporters.JUnitReportReporter -->
<testsuite skipped="0" hostname="DESKTOP-0O4C8PO" name="Mypackage.Myclass" tests="1" failures="0" timestamp="08 Mar 2017 06:12:29 GMT" time="9.807" errors="0">
  <testcase name="Login" time="9.807" classname="Mypackage.Myclass"/>
</testsuite> <!-- Mypackage.Myclass -->
